.\Debug\RobotControl.bsc
.\Debug\RobotControl.pdb
F:\projects\RobotControl\RobotControl-20150908_v1\.\Debug\RobotControl.exe.intermediate.manifest
F:\PROJECTS\ROBOTCONTROL\ROBOTCONTROL-20150908_V1\DEBUG\AUTOPLANSETDLG.OBJ
F:\PROJECTS\ROBOTCONTROL\ROBOTCONTROL-20150908_V1\DEBUG\AUTOPLANSETDLG.SBR
F:\projects\RobotControl\RobotControl-20150908_v1\Debug\BscMake.command.1.tlog
F:\projects\RobotControl\RobotControl-20150908_v1\Debug\bscmake.read.1.tlog
F:\projects\RobotControl\RobotControl-20150908_v1\Debug\bscmake.write.1.tlog
F:\projects\RobotControl\RobotControl-20150908_v1\Debug\cl.command.1.tlog
F:\projects\RobotControl\RobotControl-20150908_v1\Debug\CL.read.1.tlog
F:\projects\RobotControl\RobotControl-20150908_v1\Debug\CL.write.1.tlog
F:\PROJECTS\ROBOTCONTROL\ROBOTCONTROL-20150908_V1\DEBUG\CTRLTAB.OBJ
F:\PROJECTS\ROBOTCONTROL\ROBOTCONTROL-20150908_V1\DEBUG\CTRLTAB.SBR
F:\PROJECTS\ROBOTCONTROL\ROBOTCONTROL-20150908_V1\DEBUG\CVVIMAGE.OBJ
F:\PROJECTS\ROBOTCONTROL\ROBOTCONTROL-20150908_V1\DEBUG\CVVIMAGE.SBR
F:\PROJECTS\ROBOTCONTROL\ROBOTCONTROL-20150908_V1\DEBUG\DEPTHIMGDLG.OBJ
F:\PROJECTS\ROBOTCONTROL\ROBOTCONTROL-20150908_V1\DEBUG\DEPTHIMGDLG.SBR
F:\PROJECTS\ROBOTCONTROL\ROBOTCONTROL-20150908_V1\DEBUG\HANDCONTROLDLG.OBJ
F:\PROJECTS\ROBOTCONTROL\ROBOTCONTROL-20150908_V1\DEBUG\HANDCONTROLDLG.SBR
F:\PROJECTS\ROBOTCONTROL\ROBOTCONTROL-20150908_V1\DEBUG\INITHARDWARE.OBJ
F:\PROJECTS\ROBOTCONTROL\ROBOTCONTROL-20150908_V1\DEBUG\INITHARDWARE.SBR
F:\PROJECTS\ROBOTCONTROL\ROBOTCONTROL-20150908_V1\DEBUG\LINERPLANSETDLG.OBJ
F:\PROJECTS\ROBOTCONTROL\ROBOTCONTROL-20150908_V1\DEBUG\LINERPLANSETDLG.SBR
F:\projects\RobotControl\RobotControl-20150908_v1\Debug\link.command.1.tlog
F:\projects\RobotControl\RobotControl-20150908_v1\Debug\link.read.1.tlog
F:\projects\RobotControl\RobotControl-20150908_v1\Debug\link.write.1.tlog
F:\projects\RobotControl\RobotControl-20150908_v1\Debug\link-cvtres.read.1.tlog
F:\projects\RobotControl\RobotControl-20150908_v1\Debug\link-cvtres.write.1.tlog
F:\PROJECTS\ROBOTCONTROL\ROBOTCONTROL-20150908_V1\DEBUG\MAINFRM.OBJ
F:\PROJECTS\ROBOTCONTROL\ROBOTCONTROL-20150908_V1\DEBUG\MAINFRM.SBR
F:\projects\RobotControl\RobotControl-20150908_v1\Debug\mt.command.1.tlog
F:\projects\RobotControl\RobotControl-20150908_v1\Debug\mt.read.1.tlog
F:\projects\RobotControl\RobotControl-20150908_v1\Debug\mt.write.1.tlog
F:\PROJECTS\ROBOTCONTROL\ROBOTCONTROL-20150908_V1\DEBUG\PATHPLANDLG.OBJ
F:\PROJECTS\ROBOTCONTROL\ROBOTCONTROL-20150908_V1\DEBUG\PATHPLANDLG.SBR
F:\projects\RobotControl\RobotControl-20150908_v1\Debug\rc.command.1.tlog
F:\projects\RobotControl\RobotControl-20150908_v1\Debug\rc.read.1.tlog
F:\projects\RobotControl\RobotControl-20150908_v1\Debug\rc.write.1.tlog
F:\PROJECTS\ROBOTCONTROL\ROBOTCONTROL-20150908_V1\DEBUG\ROBOTCONTROL.BSC
F:\PROJECTS\ROBOTCONTROL\ROBOTCONTROL-20150908_V1\DEBUG\ROBOTCONTROL.EXE.EMBED.MANIFEST
F:\PROJECTS\ROBOTCONTROL\ROBOTCONTROL-20150908_V1\DEBUG\ROBOTCONTROL.EXE.EMBED.MANIFEST.RES
F:\PROJECTS\ROBOTCONTROL\ROBOTCONTROL-20150908_V1\DEBUG\ROBOTCONTROL.EXE.INTERMEDIATE.MANIFEST
F:\PROJECTS\ROBOTCONTROL\ROBOTCONTROL-20150908_V1\DEBUG\ROBOTCONTROL.OBJ
F:\PROJECTS\ROBOTCONTROL\ROBOTCONTROL-20150908_V1\DEBUG\ROBOTCONTROL.PCH
F:\PROJECTS\ROBOTCONTROL\ROBOTCONTROL-20150908_V1\DEBUG\ROBOTCONTROL.PDB
F:\PROJECTS\ROBOTCONTROL\ROBOTCONTROL-20150908_V1\DEBUG\ROBOTCONTROL.RES
F:\PROJECTS\ROBOTCONTROL\ROBOTCONTROL-20150908_V1\DEBUG\ROBOTCONTROL.SBR
F:\projects\RobotControl\RobotControl-20150908_v1\Debug\RobotControl.write.1.tlog
F:\projects\RobotControl\RobotControl-20150908_v1\Debug\RobotControl_manifest.rc
F:\PROJECTS\ROBOTCONTROL\ROBOTCONTROL-20150908_V1\DEBUG\ROBOTCONTROLDOC.OBJ
F:\PROJECTS\ROBOTCONTROL\ROBOTCONTROL-20150908_V1\DEBUG\ROBOTCONTROLDOC.SBR
F:\PROJECTS\ROBOTCONTROL\ROBOTCONTROL-20150908_V1\DEBUG\ROBOTCONTROLMULTIDOC.OBJ
F:\PROJECTS\ROBOTCONTROL\ROBOTCONTROL-20150908_V1\DEBUG\ROBOTCONTROLMULTIDOC.SBR
F:\PROJECTS\ROBOTCONTROL\ROBOTCONTROL-20150908_V1\DEBUG\ROBOTCONTROLVIEW.OBJ
F:\PROJECTS\ROBOTCONTROL\ROBOTCONTROL-20150908_V1\DEBUG\ROBOTCONTROLVIEW.SBR
F:\PROJECTS\ROBOTCONTROL\ROBOTCONTROL-20150908_V1\DEBUG\SIDEBAR.OBJ
F:\PROJECTS\ROBOTCONTROL\ROBOTCONTROL-20150908_V1\DEBUG\SIDEBAR.SBR
F:\PROJECTS\ROBOTCONTROL\ROBOTCONTROL-20150908_V1\DEBUG\STDAFX.OBJ
F:\PROJECTS\ROBOTCONTROL\ROBOTCONTROL-20150908_V1\DEBUG\STDAFX.SBR
F:\projects\RobotControl\RobotControl-20150908_v1\Debug\vc100.idb
F:\PROJECTS\ROBOTCONTROL\ROBOTCONTROL-20150908_V1\DEBUG\VC100.PDB
F:\PROJECTS\ROBOTCONTROL\ROBOTCONTROL-20150908_V1\ROBOTCONTROL.EXE
F:\PROJECTS\ROBOTCONTROL\ROBOTCONTROL-20150908_V1\ROBOTCONTROL.ILK
