生成启动时间为 2017/4/3 16:43:05。
     1>项目“F:\projects\RobotControl\RobotControl-20150908_v1\RobotControl.vcxproj”在节点 2 上(rebuild 个目标)。
     1>_PrepareForClean:
         正在删除文件“.\Debug\RobotControl.lastbuildstate”。
       InitializeBuildStatus:
         正在创建“.\Debug\RobotControl.unsuccessfulbuild”，因为已指定“AlwaysCreate”。
       ClCompile:
         C:\Program Files (x86)\Microsoft Visual Studio 10.0\VC\bin\CL.exe /c /ZI /nologo /W3 /WX- /Od /Oy- /D WIN32 /D _DEBUG /D _WINDOWS /D _VC80_UPGRADE=0x0600 /D _MBCS /D _AFXDLL /Gm /EHsc /RTC1 /MDd /GS /Gy- /fp:precise /Zc:wchar_t /Zc:forScope /Yc"stdafx.h" /Fp".\Debug\RobotControl.pch" /Fo".\Debug\\" /Fd".\Debug\vc100.pdb" /FR".\Debug\\" /Gd /TP /analyze- /errorReport:prompt StdAfx.cpp
         StdAfx.cpp
         _WIN32_WINNT not defined. Defaulting to _WIN32_WINNT_MAXVER (see WinSDKVer.h)
         C:\Program Files (x86)\Microsoft Visual Studio 10.0\VC\bin\CL.exe /c /ZI /nologo /W3 /WX- /Od /Oy- /D WIN32 /D _DEBUG /D _WINDOWS /D _VC80_UPGRADE=0x0600 /D _MBCS /D _AFXDLL /Gm /EHsc /RTC1 /MDd /GS /Gy- /fp:precise /Zc:wchar_t /Zc:forScope /Yu"stdafx.h" /Fp".\Debug\RobotControl.pch" /Fo".\Debug\\" /Fd".\Debug\vc100.pdb" /FR".\Debug\\" /Gd /TP /analyze- /errorReport:prompt AutoPlanSetDlg.cpp CtrlTab.cpp cvvimage.cpp DepthImgDlg.cpp HandControlDlg.cpp InitHardware.cpp LinerPlanSetDlg.cpp MainFrm.cpp PathPlanDlg.cpp RobotControl.cpp RobotControlDoc.cpp RobotControlMultiDoc.cpp RobotControlView.cpp sidebar.cpp
         sidebar.cpp
         RobotControlView.cpp
         RobotControlMultiDoc.cpp
         RobotControlDoc.cpp
         RobotControl.cpp
     1>f:\projects\robotcontrol\robotcontrol-20150908_v1\robotcontrol.cpp(60): warning C4996: 'CWinApp::Enable3dControls': CWinApp::Enable3dControls is no longer needed. You should remove this call.
                 c:\program files (x86)\microsoft visual studio 10.0\vc\atlmfc\include\afxwin.h(5344) : 参见“CWinApp::Enable3dControls”的声明
         PathPlanDlg.cpp
         MainFrm.cpp
         LinerPlanSetDlg.cpp
         InitHardware.cpp
         HandControlDlg.cpp
         DepthImgDlg.cpp
         cvvimage.cpp
         CtrlTab.cpp
         AutoPlanSetDlg.cpp
         正在生成代码...
       ResourceCompile:
         C:\Program Files (x86)\Microsoft SDKs\Windows\v7.0A\bin\rc.exe /D _DEBUG /D _VC80_UPGRADE=0x0600 /D _AFXDLL /l"0x0804" /nologo /fo".\Debug\RobotControl.res" RobotControl.rc 
       ManifestResourceCompile:
         C:\Program Files (x86)\Microsoft SDKs\Windows\v7.0A\bin\rc.exe /nologo /fo".\Debug\RobotControl.exe.embed.manifest.res" .\Debug\RobotControl_manifest.rc 
     1>C:\Program Files (x86)\MSBuild\Microsoft.Cpp\v4.0\Microsoft.CppBuild.targets(990,5): warning MSB8012: TargetPath(F:\projects\RobotControl\RobotControl-20150908_v1\.\Debug\RobotControl.exe) 与 Linker 的 OutputFile 属性值(F:\projects\RobotControl\RobotControl-20150908_v1\RobotControl.exe)不匹配。这可能导致项目生成不正确。若要更正此问题，请确保 $(OutDir)、$(TargetName) 和 $(TargetExt) 属性值与 %(Link.OutputFile) 中指定的值匹配。
       Link:
         C:\Program Files (x86)\Microsoft Visual Studio 10.0\VC\bin\link.exe /ERRORREPORT:PROMPT /OUT:".\RobotControl.exe" /INCREMENTAL /NOLOGO opengl32.lib glu32.lib glaux.lib m5apiw32.lib Vci_w32.lib winmm.lib openNI.lib opencv_calib3d243d.lib opencv_contrib243d.lib opencv_core243d.lib opencv_features2d243d.lib opencv_flann243d.lib opencv_gpu243d.lib opencv_highgui243d.lib opencv_imgproc243d.lib opencv_legacy243d.lib opencv_ml243d.lib opencv_objdetect243d.lib opencv_ts243d.lib opencv_video243d.lib /MANIFEST /ManifestFile:".\Debug\RobotControl.exe.intermediate.manifest" /MANIFESTUAC:"level='asInvoker' uiAccess='false'" /DEBUG /PDB:"F:\projects\RobotControl\RobotControl-20150908_v1\Debug\RobotControl.pdb" /SUBSYSTEM:WINDOWS /TLBID:1 /DYNAMICBASE /NXCOMPAT /IMPLIB:".\Debug\RobotControl.lib" /MACHINE:X86 .\Debug\RobotControl.res
         .\Debug\RobotControl.exe.embed.manifest.res
         .\Debug\AutoPlanSetDlg.obj
         .\Debug\CtrlTab.obj
         .\Debug\cvvimage.obj
         .\Debug\DepthImgDlg.obj
         .\Debug\HandControlDlg.obj
         .\Debug\InitHardware.obj
         .\Debug\LinerPlanSetDlg.obj
         .\Debug\MainFrm.obj
         .\Debug\PathPlanDlg.obj
         .\Debug\RobotControl.obj
         .\Debug\RobotControlDoc.obj
         .\Debug\RobotControlMultiDoc.obj
         .\Debug\RobotControlView.obj
         .\Debug\sidebar.obj
         .\Debug\StdAfx.obj
         PComm32.lib
         Vci_w32.lib
         m5apiw32.lib
         Dynamic_spacerobot.lib
       Manifest:
         正在删除文件“.\Debug\RobotControl.exe.embed.manifest”。
         C:\Program Files (x86)\Microsoft SDKs\Windows\v7.0A\bin\mt.exe /nologo /verbose /out:".\Debug\RobotControl.exe.embed.manifest" /manifest .\Debug\RobotControl.exe.intermediate.manifest "C:\Program Files (x86)\Microsoft Visual Studio 10.0\VC\Include\Manifest\dpiaware.manifest"
         C:\Program Files (x86)\Microsoft SDKs\Windows\v7.0A\bin\rc.exe /nologo /fo".\Debug\RobotControl.exe.embed.manifest.res" .\Debug\RobotControl_manifest.rc 
       LinkEmbedManifest:
         C:\Program Files (x86)\Microsoft Visual Studio 10.0\VC\bin\link.exe /ERRORREPORT:PROMPT /OUT:".\RobotControl.exe" /INCREMENTAL /NOLOGO opengl32.lib glu32.lib glaux.lib m5apiw32.lib Vci_w32.lib winmm.lib openNI.lib opencv_calib3d243d.lib opencv_contrib243d.lib opencv_core243d.lib opencv_features2d243d.lib opencv_flann243d.lib opencv_gpu243d.lib opencv_highgui243d.lib opencv_imgproc243d.lib opencv_legacy243d.lib opencv_ml243d.lib opencv_objdetect243d.lib opencv_ts243d.lib opencv_video243d.lib /MANIFEST /ManifestFile:".\Debug\RobotControl.exe.intermediate.manifest" /MANIFESTUAC:"level='asInvoker' uiAccess='false'" /DEBUG /PDB:"F:\projects\RobotControl\RobotControl-20150908_v1\Debug\RobotControl.pdb" /SUBSYSTEM:WINDOWS /TLBID:1 /DYNAMICBASE /NXCOMPAT /IMPLIB:".\Debug\RobotControl.lib" /MACHINE:X86 .\Debug\RobotControl.res
         .\Debug\RobotControl.exe.embed.manifest.res
         .\Debug\AutoPlanSetDlg.obj
         .\Debug\CtrlTab.obj
         .\Debug\cvvimage.obj
         .\Debug\DepthImgDlg.obj
         .\Debug\HandControlDlg.obj
         .\Debug\InitHardware.obj
         .\Debug\LinerPlanSetDlg.obj
         .\Debug\MainFrm.obj
         .\Debug\PathPlanDlg.obj
         .\Debug\RobotControl.obj
         .\Debug\RobotControlDoc.obj
         .\Debug\RobotControlMultiDoc.obj
         .\Debug\RobotControlView.obj
         .\Debug\sidebar.obj
         .\Debug\StdAfx.obj
         PComm32.lib
         Vci_w32.lib
         m5apiw32.lib
         Dynamic_spacerobot.lib
         RobotControl.vcxproj -> F:\projects\RobotControl\RobotControl-20150908_v1\.\Debug\RobotControl.exe
       BscMake:
         C:\Program Files (x86)\Microsoft Visual Studio 10.0\VC\bin\bscmake.exe /nologo /o".\Debug\RobotControl.bsc" .\Debug\AutoPlanSetDlg.sbr .\Debug\CtrlTab.sbr .\Debug\cvvimage.sbr .\Debug\DepthImgDlg.sbr .\Debug\HandControlDlg.sbr .\Debug\InitHardware.sbr .\Debug\LinerPlanSetDlg.sbr .\Debug\MainFrm.sbr .\Debug\PathPlanDlg.sbr .\Debug\RobotControl.sbr .\Debug\RobotControlDoc.sbr .\Debug\RobotControlMultiDoc.sbr .\Debug\RobotControlView.sbr .\Debug\sidebar.sbr .\Debug\StdAfx.sbr
       FinalizeBuildStatus:
         正在删除文件“.\Debug\RobotControl.unsuccessfulbuild”。
         正在对“.\Debug\RobotControl.lastbuildstate”执行 Touch 任务。
     1>已完成生成项目“F:\projects\RobotControl\RobotControl-20150908_v1\RobotControl.vcxproj”(rebuild 个目标)的操作。

生成成功。

已用时间 00:00:22.47
