.\RobotControl.ilk
.\RobotControl.pdb
F:\projects\RobotControl\RobotControl-20150908_v1\.\RobotControl.exe
F:\projects\RobotControl\RobotControl-20150908_v1\.\RobotControl.exe.intermediate.manifest
F:\PROJECTS\ROBOTCONTROL\ROBOTCONTROL-20150908_V1\AUTOPLANSETDLG.SBR
F:\projects\RobotControl\RobotControl-20150908_v1\BscMake.command.1.tlog
F:\projects\RobotControl\RobotControl-20150908_v1\bscmake.read.1.tlog
F:\projects\RobotControl\RobotControl-20150908_v1\bscmake.write.1.tlog
F:\projects\RobotControl\RobotControl-20150908_v1\cl.command.1.tlog
F:\projects\RobotControl\RobotControl-20150908_v1\CL.read.1.tlog
F:\projects\RobotControl\RobotControl-20150908_v1\CL.write.1.tlog
F:\PROJECTS\ROBOTCONTROL\ROBOTCONTROL-20150908_V1\CTRLTAB.SBR
F:\PROJECTS\ROBOTCONTROL\ROBOTCONTROL-20150908_V1\CVVIMAGE.SBR
F:\PROJECTS\ROBOTCONTROL\ROBOTCONTROL-20150908_V1\DEBUG\AUTOPLANSETDLG.OBJ
F:\PROJECTS\ROBOTCONTROL\ROBOTCONTROL-20150908_V1\DEBUG\CTRLTAB.OBJ
F:\PROJECTS\ROBOTCONTROL\ROBOTCONTROL-20150908_V1\DEBUG\CVVIMAGE.OBJ
F:\PROJECTS\ROBOTCONTROL\ROBOTCONTROL-20150908_V1\DEBUG\DEPTHIMGDLG.OBJ
F:\PROJECTS\ROBOTCONTROL\ROBOTCONTROL-20150908_V1\DEBUG\HANDCONTROLDLG.OBJ
F:\PROJECTS\ROBOTCONTROL\ROBOTCONTROL-20150908_V1\DEBUG\INITHARDWARE.OBJ
F:\PROJECTS\ROBOTCONTROL\ROBOTCONTROL-20150908_V1\DEBUG\LINERPLANSETDLG.OBJ
F:\PROJECTS\ROBOTCONTROL\ROBOTCONTROL-20150908_V1\DEBUG\MAINFRM.OBJ
F:\PROJECTS\ROBOTCONTROL\ROBOTCONTROL-20150908_V1\DEBUG\PATHPLANDLG.OBJ
F:\PROJECTS\ROBOTCONTROL\ROBOTCONTROL-20150908_V1\DEBUG\ROBOTCONTROL.BSC
F:\PROJECTS\ROBOTCONTROL\ROBOTCONTROL-20150908_V1\DEBUG\ROBOTCONTROL.OBJ
F:\PROJECTS\ROBOTCONTROL\ROBOTCONTROL-20150908_V1\DEBUG\ROBOTCONTROL.PCH
F:\PROJECTS\ROBOTCONTROL\ROBOTCONTROL-20150908_V1\DEBUG\ROBOTCONTROLDOC.OBJ
F:\PROJECTS\ROBOTCONTROL\ROBOTCONTROL-20150908_V1\DEBUG\ROBOTCONTROLMULTIDOC.OBJ
F:\PROJECTS\ROBOTCONTROL\ROBOTCONTROL-20150908_V1\DEBUG\ROBOTCONTROLVIEW.OBJ
F:\PROJECTS\ROBOTCONTROL\ROBOTCONTROL-20150908_V1\DEBUG\SIDEBAR.OBJ
F:\PROJECTS\ROBOTCONTROL\ROBOTCONTROL-20150908_V1\DEBUG\STDAFX.OBJ
F:\PROJECTS\ROBOTCONTROL\ROBOTCONTROL-20150908_V1\DEBUG\VC100.PDB
F:\PROJECTS\ROBOTCONTROL\ROBOTCONTROL-20150908_V1\DEPTHIMGDLG.SBR
F:\PROJECTS\ROBOTCONTROL\ROBOTCONTROL-20150908_V1\HANDCONTROLDLG.SBR
F:\PROJECTS\ROBOTCONTROL\ROBOTCONTROL-20150908_V1\INITHARDWARE.SBR
F:\PROJECTS\ROBOTCONTROL\ROBOTCONTROL-20150908_V1\LINERPLANSETDLG.SBR
F:\projects\RobotControl\RobotControl-20150908_v1\link.command.1.tlog
F:\projects\RobotControl\RobotControl-20150908_v1\link.read.1.tlog
F:\projects\RobotControl\RobotControl-20150908_v1\link.write.1.tlog
F:\projects\RobotControl\RobotControl-20150908_v1\link-cvtres.read.1.tlog
F:\projects\RobotControl\RobotControl-20150908_v1\link-cvtres.write.1.tlog
F:\PROJECTS\ROBOTCONTROL\ROBOTCONTROL-20150908_V1\MAINFRM.SBR
F:\projects\RobotControl\RobotControl-20150908_v1\mt.command.1.tlog
F:\projects\RobotControl\RobotControl-20150908_v1\mt.read.1.tlog
F:\projects\RobotControl\RobotControl-20150908_v1\mt.write.1.tlog
F:\PROJECTS\ROBOTCONTROL\ROBOTCONTROL-20150908_V1\PATHPLANDLG.SBR
F:\projects\RobotControl\RobotControl-20150908_v1\rc.command.1.tlog
F:\projects\RobotControl\RobotControl-20150908_v1\rc.read.1.tlog
F:\projects\RobotControl\RobotControl-20150908_v1\rc.write.1.tlog
F:\PROJECTS\ROBOTCONTROL\ROBOTCONTROL-20150908_V1\ROBOTCONTROL.EXE
F:\PROJECTS\ROBOTCONTROL\ROBOTCONTROL-20150908_V1\ROBOTCONTROL.EXE.EMBED.MANIFEST
F:\PROJECTS\ROBOTCONTROL\ROBOTCONTROL-20150908_V1\ROBOTCONTROL.EXE.EMBED.MANIFEST.RES
F:\PROJECTS\ROBOTCONTROL\ROBOTCONTROL-20150908_V1\ROBOTCONTROL.EXE.INTERMEDIATE.MANIFEST
F:\PROJECTS\ROBOTCONTROL\ROBOTCONTROL-20150908_V1\ROBOTCONTROL.ILK
F:\PROJECTS\ROBOTCONTROL\ROBOTCONTROL-20150908_V1\ROBOTCONTROL.PDB
F:\PROJECTS\ROBOTCONTROL\ROBOTCONTROL-20150908_V1\ROBOTCONTROL.RES
F:\PROJECTS\ROBOTCONTROL\ROBOTCONTROL-20150908_V1\ROBOTCONTROL.SBR
F:\projects\RobotControl\RobotControl-20150908_v1\RobotControl.vcxprojResolveAssemblyReference.cache
F:\projects\RobotControl\RobotControl-20150908_v1\RobotControl.write.1.tlog
F:\projects\RobotControl\RobotControl-20150908_v1\RobotControl_manifest.rc
F:\PROJECTS\ROBOTCONTROL\ROBOTCONTROL-20150908_V1\ROBOTCONTROLDOC.SBR
F:\PROJECTS\ROBOTCONTROL\ROBOTCONTROL-20150908_V1\ROBOTCONTROLMULTIDOC.SBR
F:\PROJECTS\ROBOTCONTROL\ROBOTCONTROL-20150908_V1\ROBOTCONTROLVIEW.SBR
F:\PROJECTS\ROBOTCONTROL\ROBOTCONTROL-20150908_V1\SIDEBAR.SBR
F:\PROJECTS\ROBOTCONTROL\ROBOTCONTROL-20150908_V1\STDAFX.SBR
